#
# A fatal error has been detected by the Java Runtime Environment:
#
#  Internal Error (os_linux_zero.cpp:285), pid=5542, tid=1979290736
#  fatal error: caught unhandled signal 11
#
# JRE version: 6.0_35-b35
# Java VM: OpenJDK Zero VM (23.25-b01 mixed mode linux-arm )
# Derivative: IcedTea6 1.13.7
# Distribution: Debian GNU/Linux 7.8 (wheezy), package 6b35-1.13.7-1~deb7u1+rpi1
# Core dump written. Default location: /home/pi/aps-linux-driver-0.16/src/sample/core or core.5542
#
# If you would like to submit a bug report, please include
# instructions how to reproduce the bug and visit:
#   http://icedtea.classpath.org/bugzilla
# The crash happened outside the Java Virtual Machine in native code.
# See problematic frame for where to report the bug.
#

---------------  T H R E A D  ---------------

Current thread (0x004d8e10):  JavaThread "main" [_thread_in_native, id=5543, stack(0x75e1b000,0x75f9a000)]

Stack: [0x75e1b000,0x75f9a000],  sp=0x75edc06c,  free space=772k
Java frames:
 0x75f98b08: istate->_thread       = 0x004d8e10
 0x75f98b0c: istate->_bcp          = 0x00000000
 0x75f98b10: istate->_locals       = 0x75f98b54
 0x75f98b14: istate->_constants    = 0x6fe7e870
 0x75f98b18: istate->_method       = PrendeLed.Estado(I)V
 0x75f98b1c: istate->_mdx          = 0x00000000
 0x75f98b20: istate->_stack        = 0x75f98afc
 0x75f98b24: istate->_msg          = 0x00000000
 0x75f98b28: istate->_result       = 0x00000000
 0x75f98b2c: (istate->_result)     = 0x52d275a8
 0x75f98b30: (istate->_result)     = 0x52ce1ed8
 0x75f98b34: istate->_prev_link    = 0x52d1a3e8
 0x75f98b38: istate->_oop_temp     = 0x52d27a30
 0x75f98b3c: istate->_stack_base   = 0x75f98b08
 0x75f98b40: istate->_stack_limit  = 0x75f98b04
 0x75f98b44: istate->_monitor_base = 0x75f98b08
 0x75f98b48: istate->_self_link    = 0x75f98b08
 0x75f98b4c: frame_type            = INTERPRETER_FRAME
 0x75f98b50: next_frame            = 0x75f98ba0

 0x75f98b54: local[0]              = 0x00000001
 0x75f98b58: istate->_thread       = 0x004d8e10
 0x75f98b5c: istate->_bcp          = 0x6fe7e61d (bci 69)
 0x75f98b60: istate->_locals       = 0x75f98bb0
 0x75f98b64: istate->_constants    = 0x6fe7e870
 0x75f98b68: istate->_method       = PrendeLed.main([Ljava/lang/String;)V
 0x75f98b6c: istate->_mdx          = 0x80000000
 0x75f98b70: istate->_stack        = 0x75f98b50
 0x75f98b74: istate->_msg          = 0x00000000
 0x75f98b78: istate->_result       = 0x75f98b38
 0x75f98b7c: (istate->_result)     = 0x00000002
 0x75f98b80: (istate->_result)     = 0x75f98b90
 0x75f98b84: istate->_prev_link    = 0x00000009
 0x75f98b88: istate->_oop_temp     = 0x00000000
 0x75f98b8c: istate->_stack_base   = 0x75f98b58
 0x75f98b90: istate->_stack_limit  = 0x75f98b40
 0x75f98b94: istate->_monitor_base = 0x75f98b58
 0x75f98b98: istate->_self_link    = 0x75f98b58
 0x75f98b9c: frame_type            = INTERPRETER_FRAME
 0x75f98ba0: next_frame            = 0x75f98bbc

 0x75f98ba4: local[3]              = 0x00000000
 0x75f98ba8: local[2]              = 0x52d29ca8
 0x75f98bac: local[1]              = 0x52d29b60
 0x75f98bb0: local[0]              = 0x52d29b50
 0x75f98bb4: call_wrapper          = 0x75f98c28
 0x75f98bb8: frame_type            = ENTRY_FRAME
 0x75f98bbc: next_frame            = 0x00000000


---------------  P R O C E S S  ---------------

Java Threads: ( => current thread )
  0x00597b10 JavaThread "Low Memory Detector" daemon [_thread_blocked, id=5548, stack(0x51f80000,0x52100000)]
  0x0059a8a0 JavaThread "Signal Dispatcher" daemon [_thread_blocked, id=5547, stack(0x522b9000,0x52439000)]
  0x00555e40 JavaThread "Finalizer" daemon [_thread_blocked, id=5546, stack(0x525b0000,0x52730000)]
  0x00554750 JavaThread "Reference Handler" daemon [_thread_blocked, id=5545, stack(0x52730000,0x528b0000)]
=>0x004d8e10 JavaThread "main" [_thread_in_native, id=5543, stack(0x75e1b000,0x75f9a000)]

Other Threads:
  0x00548ba0 VMThread [stack: 0x528b1000,0x52950000] [id=5544]
  0x00599648 WatcherThread [stack: 0x5221a000,0x522b9000] [id=5549]

VM state:not at safepoint (normal execution)

VM Mutex/Monitor currently owned by a thread: None

Heap
 def new generation   total 4480K, used 320K [0x52ce0000, 0x531a0000, 0x5c780000)
  eden space 4096K,   7% used [0x52ce0000, 0x52d30290, 0x530e0000)
  from space 384K,   0% used [0x530e0000, 0x530e0000, 0x53140000)
  to   space 384K,   0% used [0x53140000, 0x53140000, 0x531a0000)
 tenured generation   total 9984K, used 0K [0x5c780000, 0x5d140000, 0x6fce0000)
   the space 9984K,   0% used [0x5c780000, 0x5c780000, 0x5c780200, 0x5d140000)
 compacting perm gen  total 4096K, used 1658K [0x6fce0000, 0x700e0000, 0x73ce0000)
   the space 4096K,  40% used [0x6fce0000, 0x6fe7e980, 0x6fe7ea00, 0x700e0000)
No shared spaces configured.

Card table byte_map: [0x52bd7000,0x52ce0000] byte_map_base: 0x52940900

Polling page: 0x76f31000

Code Cache  [0x73d62000, 0x73d8a000, 0x75d62000)
 total_blobs=68 nmethods=0 adapters=61 free_code_cache=32698Kb largest_free_block=33483520

Compilation events (0 events):
No events

GC Heap History (0 events):
No events

Deoptimization events (0 events):
No events

Internal exceptions (8 events):
Event: 0.177 Thread 0x004d8e10 Threw 0x52ce3860 at /build/openjdk-6-xcrtMJ/openjdk-6-6b35-1.13.7/build/openjdk/hotspot/src/share/vm/prims/jni.cpp:3994
Event: 0.177 Thread 0x004d8e10 Threw 0x52ce3a18 at /build/openjdk-6-xcrtMJ/openjdk-6-6b35-1.13.7/build/openjdk/hotspot/src/share/vm/prims/jni.cpp:4061
Event: 0.178 Thread 0x004d8e10 Threw 0x52ce3bd0 at /build/openjdk-6-xcrtMJ/openjdk-6-6b35-1.13.7/build/openjdk/hotspot/src/share/vm/prims/jni.cpp:4004
Event: 0.493 Thread 0x004d8e10 Threw 0x52d1b5e8 at /build/openjdk-6-xcrtMJ/openjdk-6-6b35-1.13.7/build/openjdk/hotspot/src/share/vm/classfile/systemDictionary.cpp
Event: 0.553 Thread 0x004d8e10 Threw 0x52d22b78 at /build/openjdk-6-xcrtMJ/openjdk-6-6b35-1.13.7/build/openjdk/hotspot/src/share/vm/prims/jni.cpp:716
Event: 0.554 Thread 0x004d8e10 Threw 0x52d22ce0 at /build/openjdk-6-xcrtMJ/openjdk-6-6b35-1.13.7/build/openjdk/hotspot/src/share/vm/prims/jvm.cpp:1272
Event: 0.554 Thread 0x004d8e10 Threw 0x52d22df8 at /build/openjdk-6-xcrtMJ/openjdk-6-6b35-1.13.7/build/openjdk/hotspot/src/share/vm/prims/jvm.cpp:1272
Event: 0.554 Thread 0x004d8e10 Threw 0x52d23028 at /build/openjdk-6-xcrtMJ/openjdk-6-6b35-1.13.7/build/openjdk/hotspot/src/share/vm/prims/jvm.cpp:1272

Events (10 events):
Event: 0.596 loading class 0x00530038
Event: 0.596 loading class 0x005cd578
Event: 0.597 loading class 0x005cd578 done
Event: 0.597 loading class 0x00530038 done
Event: 0.597 loading class 0x0052fe10
Event: 0.597 loading class 0x0052fe10 done
Event: 0.598 loading class 0x0052fe48
Event: 0.598 loading class 0x0052fe48 done
Event: 0.598 loading class 0x0052c9f0
Event: 0.599 loading class 0x0052c9f0 done


Dynamic libraries:
00008000-00012000 r-xp 00000000 b3:06 103175     /usr/lib/jvm/java-6-openjdk-armhf/jre/bin/java
00019000-0001a000 rw-p 00009000 b3:06 103175     /usr/lib/jvm/java-6-openjdk-armhf/jre/bin/java
004d2000-005dc000 rw-p 00000000 00:00 0          [heap]
51f58000-51f80000 rw-p 00000000 00:00 0 
51f80000-51f83000 ---p 00000000 00:00 0 
51f83000-52100000 rw-p 00000000 00:00 0          [stack:5548]
52100000-52121000 rw-p 00000000 00:00 0 
52121000-52200000 ---p 00000000 00:00 0 
52208000-52209000 r-xp 00000000 b3:06 28634      /home/pi/aps-linux-driver-0.16/src/sample/libPrendeLed.so
52209000-52210000 ---p 00001000 b3:06 28634      /home/pi/aps-linux-driver-0.16/src/sample/libPrendeLed.so
52210000-52211000 rw-p 00000000 b3:06 28634      /home/pi/aps-linux-driver-0.16/src/sample/libPrendeLed.so
52211000-52215000 r--s 00039000 b3:06 103074     /usr/lib/jvm/java-6-openjdk-common/jre/lib/ext/sunpkcs11.jar
52215000-52219000 r--s 00078000 b3:06 103077     /usr/lib/jvm/java-6-openjdk-common/jre/lib/ext/localedata.jar
52219000-5221a000 ---p 00000000 00:00 0 
5221a000-522b9000 rw-p 00000000 00:00 0          [stack:5549]
522b9000-522bc000 ---p 00000000 00:00 0 
522bc000-52439000 rw-p 00000000 00:00 0          [stack:5547]
52439000-525b0000 r--p 00000000 b3:06 27060      /usr/lib/locale/locale-archive
525b0000-525b3000 ---p 00000000 00:00 0 
525b3000-52730000 rw-p 00000000 00:00 0          [stack:5546]
52730000-52733000 ---p 00000000 00:00 0 
52733000-528b0000 rw-p 00000000 00:00 0          [stack:5545]
528b0000-528b1000 ---p 00000000 00:00 0 
528b1000-52984000 rw-p 00000000 00:00 0          [stack:5544]
52984000-52b1b000 r--s 019e3000 b3:06 103116     /usr/lib/jvm/java-6-openjdk-armhf/jre/lib/rt.jar
52b1b000-52b1e000 rw-p 00000000 00:00 0 
52b1e000-52b3c000 rw-p 00000000 00:00 0 
52b3c000-52b41000 rw-p 00000000 00:00 0 
52b41000-52bd7000 rw-p 00000000 00:00 0 
52bd7000-52bda000 rw-p 00000000 00:00 0 
52bda000-52c24000 rw-p 00000000 00:00 0 
52c24000-52c2a000 rw-p 00000000 00:00 0 
52c2a000-52cbf000 rw-p 00000000 00:00 0 
52cbf000-52cc1000 rw-p 00000000 00:00 0 
52cc1000-52cdf000 rw-p 00000000 00:00 0 
52cdf000-531a0000 rw-p 00000000 00:00 0 
531a0000-5c780000 rw-p 00000000 00:00 0 
5c780000-5d140000 rw-p 00000000 00:00 0 
5d140000-6fce0000 rw-p 00000000 00:00 0 
6fce0000-700e0000 rw-p 00000000 00:00 0 
700e0000-73ce0000 rw-p 00000000 00:00 0 
73ce2000-73ce3000 rw-p 00000000 00:00 0 
73ce3000-73d62000 rw-p 00000000 00:00 0 
73d62000-73d8a000 rwxp 00000000 00:00 0 
73d8a000-75d62000 rw-p 00000000 00:00 0 
75d62000-75d70000 r-xp 00000000 b3:06 103154     /usr/lib/jvm/java-6-openjdk-armhf/jre/lib/arm/libzip.so
75d70000-75d77000 ---p 0000e000 b3:06 103154     /usr/lib/jvm/java-6-openjdk-armhf/jre/lib/arm/libzip.so
75d77000-75d79000 rw-p 0000d000 b3:06 103154     /usr/lib/jvm/java-6-openjdk-armhf/jre/lib/arm/libzip.so
75d79000-75d83000 r-xp 00000000 b3:06 136        /lib/arm-linux-gnueabihf/libnss_files-2.13.so
75d83000-75d8a000 ---p 0000a000 b3:06 136        /lib/arm-linux-gnueabihf/libnss_files-2.13.so
75d8a000-75d8b000 r--p 00009000 b3:06 136        /lib/arm-linux-gnueabihf/libnss_files-2.13.so
75d8b000-75d8c000 rw-p 0000a000 b3:06 136        /lib/arm-linux-gnueabihf/libnss_files-2.13.so
75d8c000-75d95000 r-xp 00000000 b3:06 110        /lib/arm-linux-gnueabihf/libnss_nis-2.13.so
75d95000-75d9c000 ---p 00009000 b3:06 110        /lib/arm-linux-gnueabihf/libnss_nis-2.13.so
75d9c000-75d9d000 r--p 00008000 b3:06 110        /lib/arm-linux-gnueabihf/libnss_nis-2.13.so
75d9d000-75d9e000 rw-p 00009000 b3:06 110        /lib/arm-linux-gnueabihf/libnss_nis-2.13.so
75d9e000-75da4000 r-xp 00000000 b3:06 225        /lib/arm-linux-gnueabihf/libnss_compat-2.13.so
75da4000-75dab000 ---p 00006000 b3:06 225        /lib/arm-linux-gnueabihf/libnss_compat-2.13.so
75dab000-75dac000 r--p 00005000 b3:06 225        /lib/arm-linux-gnueabihf/libnss_compat-2.13.so
75dac000-75dad000 rw-p 00006000 b3:06 225        /lib/arm-linux-gnueabihf/libnss_compat-2.13.so
75dad000-75dbe000 r-xp 00000000 b3:06 144        /lib/arm-linux-gnueabihf/libnsl-2.13.so
75dbe000-75dc5000 ---p 00011000 b3:06 144        /lib/arm-linux-gnueabihf/libnsl-2.13.so
75dc5000-75dc6000 r--p 00010000 b3:06 144        /lib/arm-linux-gnueabihf/libnsl-2.13.so
75dc6000-75dc7000 rw-p 00011000 b3:06 144        /lib/arm-linux-gnueabihf/libnsl-2.13.so
75dc7000-75dc9000 rw-p 00000000 00:00 0 
75dc9000-75ded000 r-xp 00000000 b3:06 103138     /usr/lib/jvm/java-6-openjdk-armhf/jre/lib/arm/libjava.so
75ded000-75df5000 ---p 00024000 b3:06 103138     /usr/lib/jvm/java-6-openjdk-armhf/jre/lib/arm/libjava.so
75df5000-75df7000 rw-p 00024000 b3:06 103138     /usr/lib/jvm/java-6-openjdk-armhf/jre/lib/arm/libjava.so
75df7000-75e02000 r-xp 00000000 b3:06 103153     /usr/lib/jvm/java-6-openjdk-armhf/jre/lib/arm/libverify.so
75e02000-75e0a000 ---p 0000b000 b3:06 103153     /usr/lib/jvm/java-6-openjdk-armhf/jre/lib/arm/libverify.so
75e0a000-75e0b000 rw-p 0000b000 b3:06 103153     /usr/lib/jvm/java-6-openjdk-armhf/jre/lib/arm/libverify.so
75e0b000-75e11000 r-xp 00000000 b3:06 34         /lib/arm-linux-gnueabihf/librt-2.13.so
75e11000-75e18000 ---p 00006000 b3:06 34         /lib/arm-linux-gnueabihf/librt-2.13.so
75e18000-75e19000 r--p 00005000 b3:06 34         /lib/arm-linux-gnueabihf/librt-2.13.so
75e19000-75e1a000 rw-p 00006000 b3:06 34         /lib/arm-linux-gnueabihf/librt-2.13.so
75e1a000-75e1e000 ---p 00000000 00:00 0 
75e1e000-75f9a000 rw-p 00000000 00:00 0          [stack:5543]
75f9a000-7679a000 rwxp 00000000 00:00 0 
7679a000-767ba000 r-xp 00000000 b3:06 40         /lib/arm-linux-gnueabihf/libgcc_s.so.1
767ba000-767c1000 ---p 00020000 b3:06 40         /lib/arm-linux-gnueabihf/libgcc_s.so.1
767c1000-767c2000 rw-p 0001f000 b3:06 40         /lib/arm-linux-gnueabihf/libgcc_s.so.1
767c2000-7682a000 r-xp 00000000 b3:06 89         /lib/arm-linux-gnueabihf/libm-2.13.so
7682a000-76831000 ---p 00068000 b3:06 89         /lib/arm-linux-gnueabihf/libm-2.13.so
76831000-76832000 r--p 00067000 b3:06 89         /lib/arm-linux-gnueabihf/libm-2.13.so
76832000-76833000 rw-p 00068000 b3:06 89         /lib/arm-linux-gnueabihf/libm-2.13.so
76833000-768f2000 r-xp 00000000 b3:06 7292       /usr/lib/arm-linux-gnueabihf/libstdc++.so.6.0.19
768f2000-768f9000 ---p 000bf000 b3:06 7292       /usr/lib/arm-linux-gnueabihf/libstdc++.so.6.0.19
768f9000-768fd000 r--p 000be000 b3:06 7292       /usr/lib/arm-linux-gnueabihf/libstdc++.so.6.0.19
768fd000-768ff000 rw-p 000c2000 b3:06 7292       /usr/lib/arm-linux-gnueabihf/libstdc++.so.6.0.19
768ff000-76905000 rw-p 00000000 00:00 0 
76905000-76d0c000 r-xp 00000000 b3:06 103126     /usr/lib/jvm/java-6-openjdk-armhf/jre/lib/arm/server/libjvm.so
76d0c000-76d13000 ---p 00407000 b3:06 103126     /usr/lib/jvm/java-6-openjdk-armhf/jre/lib/arm/server/libjvm.so
76d13000-76d32000 rw-p 00406000 b3:06 103126     /usr/lib/jvm/java-6-openjdk-armhf/jre/lib/arm/server/libjvm.so
76d32000-76d8d000 rw-p 00000000 00:00 0 
76d8d000-76eb0000 r-xp 00000000 b3:06 47         /lib/arm-linux-gnueabihf/libc-2.13.so
76eb0000-76eb7000 ---p 00123000 b3:06 47         /lib/arm-linux-gnueabihf/libc-2.13.so
76eb7000-76eb9000 r--p 00122000 b3:06 47         /lib/arm-linux-gnueabihf/libc-2.13.so
76eb9000-76eba000 rw-p 00124000 b3:06 47         /lib/arm-linux-gnueabihf/libc-2.13.so
76eba000-76ebd000 rw-p 00000000 00:00 0 
76ebd000-76ebf000 r-xp 00000000 b3:06 80         /lib/arm-linux-gnueabihf/libdl-2.13.so
76ebf000-76ec6000 ---p 00002000 b3:06 80         /lib/arm-linux-gnueabihf/libdl-2.13.so
76ec6000-76ec7000 r--p 00001000 b3:06 80         /lib/arm-linux-gnueabihf/libdl-2.13.so
76ec7000-76ec8000 rw-p 00002000 b3:06 80         /lib/arm-linux-gnueabihf/libdl-2.13.so
76ec8000-76ecf000 r-xp 00000000 b3:06 103122     /usr/lib/jvm/java-6-openjdk-armhf/jre/lib/arm/jli/libjli.so
76ecf000-76ed6000 ---p 00007000 b3:06 103122     /usr/lib/jvm/java-6-openjdk-armhf/jre/lib/arm/jli/libjli.so
76ed6000-76ed8000 rw-p 00006000 b3:06 103122     /usr/lib/jvm/java-6-openjdk-armhf/jre/lib/arm/jli/libjli.so
76ed8000-76eec000 r-xp 00000000 b3:06 74         /lib/arm-linux-gnueabihf/libpthread-2.13.so
76eec000-76ef3000 ---p 00014000 b3:06 74         /lib/arm-linux-gnueabihf/libpthread-2.13.so
76ef3000-76ef4000 r--p 00013000 b3:06 74         /lib/arm-linux-gnueabihf/libpthread-2.13.so
76ef4000-76ef5000 rw-p 00014000 b3:06 74         /lib/arm-linux-gnueabihf/libpthread-2.13.so
76ef5000-76ef8000 rw-p 00000000 00:00 0 
76ef8000-76efa000 r--s 0000f000 b3:06 103081     /usr/lib/jvm/java-6-openjdk-common/jre/lib/ext/pulse-java.jar
76efa000-76efe000 r--s 00031000 b3:06 103078     /usr/lib/jvm/java-6-openjdk-common/jre/lib/ext/sunjce_provider.jar
76efe000-76f00000 r--s 00001000 b3:06 103075     /usr/lib/jvm/java-6-openjdk-common/jre/lib/ext/dnsns.jar
76f00000-76f08000 rw-s 00000000 00:13 14576      /tmp/hsperfdata_root/5542
76f08000-76f0a000 r-xp 00000000 b3:06 7098       /usr/lib/arm-linux-gnueabihf/libcofi_rpi.so
76f0a000-76f11000 ---p 00002000 b3:06 7098       /usr/lib/arm-linux-gnueabihf/libcofi_rpi.so
76f11000-76f12000 rw-p 00001000 b3:06 7098       /usr/lib/arm-linux-gnueabihf/libcofi_rpi.so
76f12000-76f2f000 r-xp 00000000 b3:06 213        /lib/arm-linux-gnueabihf/ld-2.13.so
76f2f000-76f30000 r--s 00007000 b3:06 186382     /usr/share/java/java-atk-wrapper.jar
76f30000-76f31000 rw-p 00000000 00:00 0 
76f31000-76f32000 r--p 00000000 00:00 0 
76f32000-76f35000 rw-p 00000000 00:00 0 
76f35000-76f37000 rw-p 00000000 00:00 0 
76f37000-76f38000 r--p 0001d000 b3:06 213        /lib/arm-linux-gnueabihf/ld-2.13.so
76f38000-76f39000 rw-p 0001e000 b3:06 213        /lib/arm-linux-gnueabihf/ld-2.13.so
7e930000-7e951000 rw-p 00000000 00:00 0          [stack]
7ea18000-7ea19000 r-xp 00000000 00:00 0          [sigpage]
7ea19000-7ea1a000 r--p 00000000 00:00 0          [vvar]
7ea1a000-7ea1b000 r-xp 00000000 00:00 0          [vdso]
ffff0000-ffff1000 r-xp 00000000 00:00 0          [vectors]

VM Arguments:
java_command: PrendeLed
Launcher Type: SUN_STANDARD

Environment Variables:
PATH=/usr/local/sbin:/usr/local/bin:/usr/sbin:/usr/bin:/sbin:/bin
LD_LIBRARY_PATH=/usr/lib/jvm/java-6-openjdk-armhf/jre/lib/arm/server:/usr/lib/jvm/java-6-openjdk-armhf/jre/lib/arm:/usr/lib/jvm/java-6-openjdk-armhf/jre/../lib/arm:.
SHELL=/bin/bash
DISPLAY=:0

Signal Handlers:
SIGSEGV: [libjvm.so+0x3b57c8], sa_mask[0]=0x7ffbfeff, sa_flags=0x10000004
SIGBUS: [libjvm.so+0x3b57c8], sa_mask[0]=0x7ffbfeff, sa_flags=0x10000004
SIGFPE: [libjvm.so+0x2e8e14], sa_mask[0]=0x7ffbfeff, sa_flags=0x10000004
SIGPIPE: [libjvm.so+0x2e8e14], sa_mask[0]=0x7ffbfeff, sa_flags=0x10000004
SIGXFSZ: [libjvm.so+0x2e8e14], sa_mask[0]=0x7ffbfeff, sa_flags=0x10000004
SIGILL: [libjvm.so+0x2e8e14], sa_mask[0]=0x7ffbfeff, sa_flags=0x10000004
SIGUSR1: SIG_DFL, sa_mask[0]=0x00000000, sa_flags=0x00000000
SIGUSR2: [libjvm.so+0x2e8fd8], sa_mask[0]=0x00000000, sa_flags=0x10000004
SIGHUP: [libjvm.so+0x2e96e4], sa_mask[0]=0x7ffbfeff, sa_flags=0x10000004
SIGINT: [libjvm.so+0x2e96e4], sa_mask[0]=0x7ffbfeff, sa_flags=0x10000004
SIGTERM: [libjvm.so+0x2e96e4], sa_mask[0]=0x7ffbfeff, sa_flags=0x10000004
SIGQUIT: [libjvm.so+0x2e96e4], sa_mask[0]=0x7ffbfeff, sa_flags=0x10000004


---------------  S Y S T E M  ---------------

OS:7.8

uname:Linux 4.1.6-v7+ #810 SMP PREEMPT Tue Aug 18 15:32:12 BST 2015 armv7l
libc:glibc 2.13 NPTL 2.13 
rlimit: STACK 8192k, CORE infinity, NPROC 7339, NOFILE 4096, AS infinity
load average:0.02 0.15 0.13

/proc/meminfo:
MemTotal:         948128 kB
MemFree:          227664 kB
MemAvailable:     593636 kB
Buffers:           92528 kB
Cached:           334132 kB
SwapCached:            0 kB
Active:           449104 kB
Inactive:         235924 kB
Active(anon):     258544 kB
Inactive(anon):    45504 kB
Active(file):     190560 kB
Inactive(file):   190420 kB
Unevictable:           0 kB
Mlocked:               0 kB
SwapTotal:        102396 kB
SwapFree:         102396 kB
Dirty:                28 kB
Writeback:             0 kB
AnonPages:        258404 kB
Mapped:           151144 kB
Shmem:             45684 kB
Slab:              19124 kB
SReclaimable:      10944 kB
SUnreclaim:         8180 kB
KernelStack:        1856 kB
PageTables:         3260 kB
NFS_Unstable:          0 kB
Bounce:                0 kB
WritebackTmp:          0 kB
CommitLimit:      576460 kB
Committed_AS:     787744 kB
VmallocTotal:    1105920 kB
VmallocUsed:        4344 kB
VmallocChunk:     860920 kB
CmaTotal:           8192 kB
CmaFree:            3736 kB


CPU:total 4 

/proc/cpuinfo:
processor	: 0
model name	: ARMv7 Processor rev 5 (v7l)
BogoMIPS	: 38.40
Features	: half thumb fastmult vfp edsp neon vfpv3 tls vfpv4 idiva idivt vfpd32 lpae evtstrm 
CPU implementer	: 0x41
CPU architecture: 7
CPU variant	: 0x0
CPU part	: 0xc07
CPU revision	: 5

processor	: 1
model name	: ARMv7 Processor rev 5 (v7l)
BogoMIPS	: 38.40
Features	: half thumb fastmult vfp edsp neon vfpv3 tls vfpv4 idiva idivt vfpd32 lpae evtstrm 
CPU implementer	: 0x41
CPU architecture: 7
CPU variant	: 0x0
CPU part	: 0xc07
CPU revision	: 5

processor	: 2
model name	: ARMv7 Processor rev 5 (v7l)
BogoMIPS	: 38.40
Features	: half thumb fastmult vfp edsp neon vfpv3 tls vfpv4 idiva idivt vfpd32 lpae evtstrm 
CPU implementer	: 0x41
CPU architecture: 7
CPU variant	: 0x0
CPU part	: 0xc07
CPU revision	: 5

processor	: 3
model name	: ARMv7 Processor rev 5 (v7l)
BogoMIPS	: 38.40
Features	: half thumb fastmult vfp edsp neon vfpv3 tls vfpv4 idiva idivt vfpd32 lpae evtstrm 
CPU implementer	: 0x41
CPU architecture: 7
CPU variant	: 0x0
CPU part	: 0xc07
CPU revision	: 5

Hardware	: BCM2709
Revision	: a21041
Serial		: 0000000050b195a7


Memory: 4k page, physical 948128k(227664k free), swap 102396k(102396k free)

vm_info: OpenJDK Zero VM (23.25-b01) for linux-arm-vfp JRE (1.6.0_35-b35), built on Jun 20 2015 02:18:24 by "autoforwardporter" with gcc 4.7.2

time: Tue Aug 25 15:27:56 2015
elapsed time: 1 seconds

