#
# A fatal error has been detected by the Java Runtime Environment:
#
#  Internal Error (os_linux_zero.cpp:285), pid=5508, tid=1979262064
#  fatal error: caught unhandled signal 11
#
# JRE version: 6.0_35-b35
# Java VM: OpenJDK Zero VM (23.25-b01 mixed mode linux-arm )
# Derivative: IcedTea6 1.13.7
# Distribution: Debian GNU/Linux 7.8 (wheezy), package 6b35-1.13.7-1~deb7u1+rpi1
# Core dump written. Default location: /home/pi/aps-linux-driver-0.16/src/sample/core or core.5508
#
# If you would like to submit a bug report, please include
# instructions how to reproduce the bug and visit:
#   http://icedtea.classpath.org/bugzilla
# The crash happened outside the Java Virtual Machine in native code.
# See problematic frame for where to report the bug.
#

---------------  T H R E A D  ---------------

Current thread (0x00fdce10):  JavaThread "main" [_thread_in_native, id=5509, stack(0x75e14000,0x75f93000)]

Stack: [0x75e14000,0x75f93000],  sp=0x75ed506c,  free space=772k
Java frames:
 0x75f91b08: istate->_thread       = 0x00fdce10
 0x75f91b0c: istate->_bcp          = 0x00000000
 0x75f91b10: istate->_locals       = 0x75f91b54
 0x75f91b14: istate->_constants    = 0x6fe5e870
 0x75f91b18: istate->_method       = PrendeLed.Estado(I)V
 0x75f91b1c: istate->_mdx          = 0x00000000
 0x75f91b20: istate->_stack        = 0x75f91afc
 0x75f91b24: istate->_msg          = 0x00000000
 0x75f91b28: istate->_result       = 0x00000000
 0x75f91b2c: (istate->_result)     = 0x52d075a8
 0x75f91b30: (istate->_result)     = 0x52cc1ed8
 0x75f91b34: istate->_prev_link    = 0x52cfa3e8
 0x75f91b38: istate->_oop_temp     = 0x52d07a30
 0x75f91b3c: istate->_stack_base   = 0x75f91b08
 0x75f91b40: istate->_stack_limit  = 0x75f91b04
 0x75f91b44: istate->_monitor_base = 0x75f91b08
 0x75f91b48: istate->_self_link    = 0x75f91b08
 0x75f91b4c: frame_type            = INTERPRETER_FRAME
 0x75f91b50: next_frame            = 0x75f91ba0

 0x75f91b54: local[0]              = 0x00000001
 0x75f91b58: istate->_thread       = 0x00fdce10
 0x75f91b5c: istate->_bcp          = 0x6fe5e61d (bci 69)
 0x75f91b60: istate->_locals       = 0x75f91bb0
 0x75f91b64: istate->_constants    = 0x6fe5e870
 0x75f91b68: istate->_method       = PrendeLed.main([Ljava/lang/String;)V
 0x75f91b6c: istate->_mdx          = 0x80000000
 0x75f91b70: istate->_stack        = 0x75f91b50
 0x75f91b74: istate->_msg          = 0x00000000
 0x75f91b78: istate->_result       = 0x75f91b38
 0x75f91b7c: (istate->_result)     = 0x00000002
 0x75f91b80: (istate->_result)     = 0x75f91b90
 0x75f91b84: istate->_prev_link    = 0x00000009
 0x75f91b88: istate->_oop_temp     = 0x00000000
 0x75f91b8c: istate->_stack_base   = 0x75f91b58
 0x75f91b90: istate->_stack_limit  = 0x75f91b40
 0x75f91b94: istate->_monitor_base = 0x75f91b58
 0x75f91b98: istate->_self_link    = 0x75f91b58
 0x75f91b9c: frame_type            = INTERPRETER_FRAME
 0x75f91ba0: next_frame            = 0x75f91bbc

 0x75f91ba4: local[3]              = 0x00000000
 0x75f91ba8: local[2]              = 0x52d09ca8
 0x75f91bac: local[1]              = 0x52d09b60
 0x75f91bb0: local[0]              = 0x52d09b50
 0x75f91bb4: call_wrapper          = 0x75f91c28
 0x75f91bb8: frame_type            = ENTRY_FRAME
 0x75f91bbc: next_frame            = 0x00000000


---------------  P R O C E S S  ---------------

Java Threads: ( => current thread )
  0x52603e20 JavaThread "Low Memory Detector" daemon [_thread_blocked, id=5514, stack(0x52009000,0x52189000)]
  0x01098ce0 JavaThread "Signal Dispatcher" daemon [_thread_blocked, id=5513, stack(0x52189000,0x52309000)]
  0x01059e20 JavaThread "Finalizer" daemon [_thread_blocked, id=5512, stack(0x52480000,0x52600000)]
  0x01058750 JavaThread "Reference Handler" daemon [_thread_blocked, id=5511, stack(0x52710000,0x52890000)]
=>0x00fdce10 JavaThread "main" [_thread_in_native, id=5509, stack(0x75e14000,0x75f93000)]

Other Threads:
  0x0104cba0 VMThread [stack: 0x52891000,0x52930000] [id=5510]
  0x52605b60 WatcherThread [stack: 0x51f6a000,0x52009000] [id=5515]

VM state:not at safepoint (normal execution)

VM Mutex/Monitor currently owned by a thread: None

Heap
 def new generation   total 4480K, used 320K [0x52cc0000, 0x53180000, 0x5c760000)
  eden space 4096K,   7% used [0x52cc0000, 0x52d10290, 0x530c0000)
  from space 384K,   0% used [0x530c0000, 0x530c0000, 0x53120000)
  to   space 384K,   0% used [0x53120000, 0x53120000, 0x53180000)
 tenured generation   total 9984K, used 0K [0x5c760000, 0x5d120000, 0x6fcc0000)
   the space 9984K,   0% used [0x5c760000, 0x5c760000, 0x5c760200, 0x5d120000)
 compacting perm gen  total 4096K, used 1658K [0x6fcc0000, 0x700c0000, 0x73cc0000)
   the space 4096K,  40% used [0x6fcc0000, 0x6fe5e980, 0x6fe5ea00, 0x700c0000)
No shared spaces configured.

Card table byte_map: [0x52bb7000,0x52cc0000] byte_map_base: 0x52920a00

Polling page: 0x76f2a000

Code Cache  [0x73d5b000, 0x73d83000, 0x75d5b000)
 total_blobs=68 nmethods=0 adapters=61 free_code_cache=32698Kb largest_free_block=33483520

Compilation events (0 events):
No events

GC Heap History (0 events):
No events

Deoptimization events (0 events):
No events

Internal exceptions (8 events):
Event: 0.159 Thread 0x00fdce10 Threw 0x52cc3860 at /build/openjdk-6-xcrtMJ/openjdk-6-6b35-1.13.7/build/openjdk/hotspot/src/share/vm/prims/jni.cpp:3994
Event: 0.159 Thread 0x00fdce10 Threw 0x52cc3a18 at /build/openjdk-6-xcrtMJ/openjdk-6-6b35-1.13.7/build/openjdk/hotspot/src/share/vm/prims/jni.cpp:4061
Event: 0.159 Thread 0x00fdce10 Threw 0x52cc3bd0 at /build/openjdk-6-xcrtMJ/openjdk-6-6b35-1.13.7/build/openjdk/hotspot/src/share/vm/prims/jni.cpp:4004
Event: 0.475 Thread 0x00fdce10 Threw 0x52cfb5e8 at /build/openjdk-6-xcrtMJ/openjdk-6-6b35-1.13.7/build/openjdk/hotspot/src/share/vm/classfile/systemDictionary.cpp
Event: 0.529 Thread 0x00fdce10 Threw 0x52d02b78 at /build/openjdk-6-xcrtMJ/openjdk-6-6b35-1.13.7/build/openjdk/hotspot/src/share/vm/prims/jni.cpp:716
Event: 0.530 Thread 0x00fdce10 Threw 0x52d02ce0 at /build/openjdk-6-xcrtMJ/openjdk-6-6b35-1.13.7/build/openjdk/hotspot/src/share/vm/prims/jvm.cpp:1272
Event: 0.530 Thread 0x00fdce10 Threw 0x52d02df8 at /build/openjdk-6-xcrtMJ/openjdk-6-6b35-1.13.7/build/openjdk/hotspot/src/share/vm/prims/jvm.cpp:1272
Event: 0.530 Thread 0x00fdce10 Threw 0x52d03028 at /build/openjdk-6-xcrtMJ/openjdk-6-6b35-1.13.7/build/openjdk/hotspot/src/share/vm/prims/jvm.cpp:1272

Events (10 events):
Event: 0.571 loading class 0x01034038
Event: 0.571 loading class 0x52637b08
Event: 0.571 loading class 0x52637b08 done
Event: 0.572 loading class 0x01034038 done
Event: 0.572 loading class 0x01033e10
Event: 0.572 loading class 0x01033e10 done
Event: 0.572 loading class 0x01033e48
Event: 0.573 loading class 0x01033e48 done
Event: 0.573 loading class 0x010309f0
Event: 0.574 loading class 0x010309f0 done


Dynamic libraries:
00008000-00012000 r-xp 00000000 b3:06 103175     /usr/lib/jvm/java-6-openjdk-armhf/jre/bin/java
00019000-0001a000 rw-p 00009000 b3:06 103175     /usr/lib/jvm/java-6-openjdk-armhf/jre/bin/java
00fd6000-010c3000 rw-p 00000000 00:00 0          [heap]
51f41000-51f69000 rw-p 00000000 00:00 0 
51f69000-51f6a000 ---p 00000000 00:00 0 
51f6a000-52009000 rw-p 00000000 00:00 0          [stack:5515]
52009000-5200c000 ---p 00000000 00:00 0 
5200c000-52189000 rw-p 00000000 00:00 0          [stack:5514]
52189000-5218c000 ---p 00000000 00:00 0 
5218c000-52309000 rw-p 00000000 00:00 0          [stack:5513]
52309000-52480000 r--p 00000000 b3:06 27060      /usr/lib/locale/locale-archive
52480000-52483000 ---p 00000000 00:00 0 
52483000-52600000 rw-p 00000000 00:00 0          [stack:5512]
52600000-52644000 rw-p 00000000 00:00 0 
52644000-52700000 ---p 00000000 00:00 0 
52710000-52713000 ---p 00000000 00:00 0 
52713000-52890000 rw-p 00000000 00:00 0          [stack:5511]
52890000-52891000 ---p 00000000 00:00 0 
52891000-52964000 rw-p 00000000 00:00 0          [stack:5510]
52964000-52afb000 r--s 019e3000 b3:06 103116     /usr/lib/jvm/java-6-openjdk-armhf/jre/lib/rt.jar
52afb000-52afe000 rw-p 00000000 00:00 0 
52afe000-52b1c000 rw-p 00000000 00:00 0 
52b1c000-52b21000 rw-p 00000000 00:00 0 
52b21000-52bb7000 rw-p 00000000 00:00 0 
52bb7000-52bba000 rw-p 00000000 00:00 0 
52bba000-52c04000 rw-p 00000000 00:00 0 
52c04000-52c0a000 rw-p 00000000 00:00 0 
52c0a000-52c9f000 rw-p 00000000 00:00 0 
52c9f000-52ca1000 rw-p 00000000 00:00 0 
52ca1000-52cbf000 rw-p 00000000 00:00 0 
52cbf000-53180000 rw-p 00000000 00:00 0 
53180000-5c760000 rw-p 00000000 00:00 0 
5c760000-5d120000 rw-p 00000000 00:00 0 
5d120000-6fcc0000 rw-p 00000000 00:00 0 
6fcc0000-700c0000 rw-p 00000000 00:00 0 
700c0000-73cc0000 rw-p 00000000 00:00 0 
73cca000-73ccb000 r-xp 00000000 b3:06 28634      /home/pi/aps-linux-driver-0.16/src/sample/libPrendeLed.so
73ccb000-73cd2000 ---p 00001000 b3:06 28634      /home/pi/aps-linux-driver-0.16/src/sample/libPrendeLed.so
73cd2000-73cd3000 rw-p 00000000 b3:06 28634      /home/pi/aps-linux-driver-0.16/src/sample/libPrendeLed.so
73cd3000-73cd7000 r--s 00039000 b3:06 103074     /usr/lib/jvm/java-6-openjdk-common/jre/lib/ext/sunpkcs11.jar
73cd7000-73cdb000 r--s 00078000 b3:06 103077     /usr/lib/jvm/java-6-openjdk-common/jre/lib/ext/localedata.jar
73cdb000-73cdc000 rw-p 00000000 00:00 0 
73cdc000-73d5b000 rw-p 00000000 00:00 0 
73d5b000-73d83000 rwxp 00000000 00:00 0 
73d83000-75d5b000 rw-p 00000000 00:00 0 
75d5b000-75d69000 r-xp 00000000 b3:06 103154     /usr/lib/jvm/java-6-openjdk-armhf/jre/lib/arm/libzip.so
75d69000-75d70000 ---p 0000e000 b3:06 103154     /usr/lib/jvm/java-6-openjdk-armhf/jre/lib/arm/libzip.so
75d70000-75d72000 rw-p 0000d000 b3:06 103154     /usr/lib/jvm/java-6-openjdk-armhf/jre/lib/arm/libzip.so
75d72000-75d7c000 r-xp 00000000 b3:06 136        /lib/arm-linux-gnueabihf/libnss_files-2.13.so
75d7c000-75d83000 ---p 0000a000 b3:06 136        /lib/arm-linux-gnueabihf/libnss_files-2.13.so
75d83000-75d84000 r--p 00009000 b3:06 136        /lib/arm-linux-gnueabihf/libnss_files-2.13.so
75d84000-75d85000 rw-p 0000a000 b3:06 136        /lib/arm-linux-gnueabihf/libnss_files-2.13.so
75d85000-75d8e000 r-xp 00000000 b3:06 110        /lib/arm-linux-gnueabihf/libnss_nis-2.13.so
75d8e000-75d95000 ---p 00009000 b3:06 110        /lib/arm-linux-gnueabihf/libnss_nis-2.13.so
75d95000-75d96000 r--p 00008000 b3:06 110        /lib/arm-linux-gnueabihf/libnss_nis-2.13.so
75d96000-75d97000 rw-p 00009000 b3:06 110        /lib/arm-linux-gnueabihf/libnss_nis-2.13.so
75d97000-75d9d000 r-xp 00000000 b3:06 225        /lib/arm-linux-gnueabihf/libnss_compat-2.13.so
75d9d000-75da4000 ---p 00006000 b3:06 225        /lib/arm-linux-gnueabihf/libnss_compat-2.13.so
75da4000-75da5000 r--p 00005000 b3:06 225        /lib/arm-linux-gnueabihf/libnss_compat-2.13.so
75da5000-75da6000 rw-p 00006000 b3:06 225        /lib/arm-linux-gnueabihf/libnss_compat-2.13.so
75da6000-75db7000 r-xp 00000000 b3:06 144        /lib/arm-linux-gnueabihf/libnsl-2.13.so
75db7000-75dbe000 ---p 00011000 b3:06 144        /lib/arm-linux-gnueabihf/libnsl-2.13.so
75dbe000-75dbf000 r--p 00010000 b3:06 144        /lib/arm-linux-gnueabihf/libnsl-2.13.so
75dbf000-75dc0000 rw-p 00011000 b3:06 144        /lib/arm-linux-gnueabihf/libnsl-2.13.so
75dc0000-75dc2000 rw-p 00000000 00:00 0 
75dc2000-75de6000 r-xp 00000000 b3:06 103138     /usr/lib/jvm/java-6-openjdk-armhf/jre/lib/arm/libjava.so
75de6000-75dee000 ---p 00024000 b3:06 103138     /usr/lib/jvm/java-6-openjdk-armhf/jre/lib/arm/libjava.so
75dee000-75df0000 rw-p 00024000 b3:06 103138     /usr/lib/jvm/java-6-openjdk-armhf/jre/lib/arm/libjava.so
75df0000-75dfb000 r-xp 00000000 b3:06 103153     /usr/lib/jvm/java-6-openjdk-armhf/jre/lib/arm/libverify.so
75dfb000-75e03000 ---p 0000b000 b3:06 103153     /usr/lib/jvm/java-6-openjdk-armhf/jre/lib/arm/libverify.so
75e03000-75e04000 rw-p 0000b000 b3:06 103153     /usr/lib/jvm/java-6-openjdk-armhf/jre/lib/arm/libverify.so
75e04000-75e0a000 r-xp 00000000 b3:06 34         /lib/arm-linux-gnueabihf/librt-2.13.so
75e0a000-75e11000 ---p 00006000 b3:06 34         /lib/arm-linux-gnueabihf/librt-2.13.so
75e11000-75e12000 r--p 00005000 b3:06 34         /lib/arm-linux-gnueabihf/librt-2.13.so
75e12000-75e13000 rw-p 00006000 b3:06 34         /lib/arm-linux-gnueabihf/librt-2.13.so
75e13000-75e17000 ---p 00000000 00:00 0 
75e17000-75f93000 rw-p 00000000 00:00 0          [stack:5509]
75f93000-76793000 rwxp 00000000 00:00 0 
76793000-767b3000 r-xp 00000000 b3:06 40         /lib/arm-linux-gnueabihf/libgcc_s.so.1
767b3000-767ba000 ---p 00020000 b3:06 40         /lib/arm-linux-gnueabihf/libgcc_s.so.1
767ba000-767bb000 rw-p 0001f000 b3:06 40         /lib/arm-linux-gnueabihf/libgcc_s.so.1
767bb000-76823000 r-xp 00000000 b3:06 89         /lib/arm-linux-gnueabihf/libm-2.13.so
76823000-7682a000 ---p 00068000 b3:06 89         /lib/arm-linux-gnueabihf/libm-2.13.so
7682a000-7682b000 r--p 00067000 b3:06 89         /lib/arm-linux-gnueabihf/libm-2.13.so
7682b000-7682c000 rw-p 00068000 b3:06 89         /lib/arm-linux-gnueabihf/libm-2.13.so
7682c000-768eb000 r-xp 00000000 b3:06 7292       /usr/lib/arm-linux-gnueabihf/libstdc++.so.6.0.19
768eb000-768f2000 ---p 000bf000 b3:06 7292       /usr/lib/arm-linux-gnueabihf/libstdc++.so.6.0.19
768f2000-768f6000 r--p 000be000 b3:06 7292       /usr/lib/arm-linux-gnueabihf/libstdc++.so.6.0.19
768f6000-768f8000 rw-p 000c2000 b3:06 7292       /usr/lib/arm-linux-gnueabihf/libstdc++.so.6.0.19
768f8000-768fe000 rw-p 00000000 00:00 0 
768fe000-76d05000 r-xp 00000000 b3:06 103126     /usr/lib/jvm/java-6-openjdk-armhf/jre/lib/arm/server/libjvm.so
76d05000-76d0c000 ---p 00407000 b3:06 103126     /usr/lib/jvm/java-6-openjdk-armhf/jre/lib/arm/server/libjvm.so
76d0c000-76d2b000 rw-p 00406000 b3:06 103126     /usr/lib/jvm/java-6-openjdk-armhf/jre/lib/arm/server/libjvm.so
76d2b000-76d86000 rw-p 00000000 00:00 0 
76d86000-76ea9000 r-xp 00000000 b3:06 47         /lib/arm-linux-gnueabihf/libc-2.13.so
76ea9000-76eb0000 ---p 00123000 b3:06 47         /lib/arm-linux-gnueabihf/libc-2.13.so
76eb0000-76eb2000 r--p 00122000 b3:06 47         /lib/arm-linux-gnueabihf/libc-2.13.so
76eb2000-76eb3000 rw-p 00124000 b3:06 47         /lib/arm-linux-gnueabihf/libc-2.13.so
76eb3000-76eb6000 rw-p 00000000 00:00 0 
76eb6000-76eb8000 r-xp 00000000 b3:06 80         /lib/arm-linux-gnueabihf/libdl-2.13.so
76eb8000-76ebf000 ---p 00002000 b3:06 80         /lib/arm-linux-gnueabihf/libdl-2.13.so
76ebf000-76ec0000 r--p 00001000 b3:06 80         /lib/arm-linux-gnueabihf/libdl-2.13.so
76ec0000-76ec1000 rw-p 00002000 b3:06 80         /lib/arm-linux-gnueabihf/libdl-2.13.so
76ec1000-76ec8000 r-xp 00000000 b3:06 103122     /usr/lib/jvm/java-6-openjdk-armhf/jre/lib/arm/jli/libjli.so
76ec8000-76ecf000 ---p 00007000 b3:06 103122     /usr/lib/jvm/java-6-openjdk-armhf/jre/lib/arm/jli/libjli.so
76ecf000-76ed1000 rw-p 00006000 b3:06 103122     /usr/lib/jvm/java-6-openjdk-armhf/jre/lib/arm/jli/libjli.so
76ed1000-76ee5000 r-xp 00000000 b3:06 74         /lib/arm-linux-gnueabihf/libpthread-2.13.so
76ee5000-76eec000 ---p 00014000 b3:06 74         /lib/arm-linux-gnueabihf/libpthread-2.13.so
76eec000-76eed000 r--p 00013000 b3:06 74         /lib/arm-linux-gnueabihf/libpthread-2.13.so
76eed000-76eee000 rw-p 00014000 b3:06 74         /lib/arm-linux-gnueabihf/libpthread-2.13.so
76eee000-76ef1000 rw-p 00000000 00:00 0 
76ef1000-76ef3000 r--s 0000f000 b3:06 103081     /usr/lib/jvm/java-6-openjdk-common/jre/lib/ext/pulse-java.jar
76ef3000-76ef7000 r--s 00031000 b3:06 103078     /usr/lib/jvm/java-6-openjdk-common/jre/lib/ext/sunjce_provider.jar
76ef7000-76ef9000 r--s 00001000 b3:06 103075     /usr/lib/jvm/java-6-openjdk-common/jre/lib/ext/dnsns.jar
76ef9000-76f01000 rw-s 00000000 00:13 14568      /tmp/hsperfdata_root/5508
76f01000-76f03000 r-xp 00000000 b3:06 7098       /usr/lib/arm-linux-gnueabihf/libcofi_rpi.so
76f03000-76f0a000 ---p 00002000 b3:06 7098       /usr/lib/arm-linux-gnueabihf/libcofi_rpi.so
76f0a000-76f0b000 rw-p 00001000 b3:06 7098       /usr/lib/arm-linux-gnueabihf/libcofi_rpi.so
76f0b000-76f28000 r-xp 00000000 b3:06 213        /lib/arm-linux-gnueabihf/ld-2.13.so
76f28000-76f29000 r--s 00007000 b3:06 186382     /usr/share/java/java-atk-wrapper.jar
76f29000-76f2a000 rw-p 00000000 00:00 0 
76f2a000-76f2b000 r--p 00000000 00:00 0 
76f2b000-76f2e000 rw-p 00000000 00:00 0 
76f2e000-76f30000 rw-p 00000000 00:00 0 
76f30000-76f31000 r--p 0001d000 b3:06 213        /lib/arm-linux-gnueabihf/ld-2.13.so
76f31000-76f32000 rw-p 0001e000 b3:06 213        /lib/arm-linux-gnueabihf/ld-2.13.so
7edbd000-7edde000 rw-p 00000000 00:00 0          [stack]
7ee77000-7ee78000 r-xp 00000000 00:00 0          [sigpage]
7ee78000-7ee79000 r--p 00000000 00:00 0          [vvar]
7ee79000-7ee7a000 r-xp 00000000 00:00 0          [vdso]
ffff0000-ffff1000 r-xp 00000000 00:00 0          [vectors]

VM Arguments:
java_command: PrendeLed
Launcher Type: SUN_STANDARD

Environment Variables:
PATH=/usr/local/sbin:/usr/local/bin:/usr/sbin:/usr/bin:/sbin:/bin
LD_LIBRARY_PATH=/usr/lib/jvm/java-6-openjdk-armhf/jre/lib/arm/server:/usr/lib/jvm/java-6-openjdk-armhf/jre/lib/arm:/usr/lib/jvm/java-6-openjdk-armhf/jre/../lib/arm:.
SHELL=/bin/bash
DISPLAY=:0

Signal Handlers:
SIGSEGV: [libjvm.so+0x3b57c8], sa_mask[0]=0x7ffbfeff, sa_flags=0x10000004
SIGBUS: [libjvm.so+0x3b57c8], sa_mask[0]=0x7ffbfeff, sa_flags=0x10000004
SIGFPE: [libjvm.so+0x2e8e14], sa_mask[0]=0x7ffbfeff, sa_flags=0x10000004
SIGPIPE: [libjvm.so+0x2e8e14], sa_mask[0]=0x7ffbfeff, sa_flags=0x10000004
SIGXFSZ: [libjvm.so+0x2e8e14], sa_mask[0]=0x7ffbfeff, sa_flags=0x10000004
SIGILL: [libjvm.so+0x2e8e14], sa_mask[0]=0x7ffbfeff, sa_flags=0x10000004
SIGUSR1: SIG_DFL, sa_mask[0]=0x00000000, sa_flags=0x00000000
SIGUSR2: [libjvm.so+0x2e8fd8], sa_mask[0]=0x00000000, sa_flags=0x10000004
SIGHUP: [libjvm.so+0x2e96e4], sa_mask[0]=0x7ffbfeff, sa_flags=0x10000004
SIGINT: [libjvm.so+0x2e96e4], sa_mask[0]=0x7ffbfeff, sa_flags=0x10000004
SIGTERM: [libjvm.so+0x2e96e4], sa_mask[0]=0x7ffbfeff, sa_flags=0x10000004
SIGQUIT: [libjvm.so+0x2e96e4], sa_mask[0]=0x7ffbfeff, sa_flags=0x10000004


---------------  S Y S T E M  ---------------

OS:7.8

uname:Linux 4.1.6-v7+ #810 SMP PREEMPT Tue Aug 18 15:32:12 BST 2015 armv7l
libc:glibc 2.13 NPTL 2.13 
rlimit: STACK 8192k, CORE infinity, NPROC 7339, NOFILE 4096, AS infinity
load average:0.61 0.35 0.17

/proc/meminfo:
MemTotal:         948128 kB
MemFree:          207536 kB
MemAvailable:     597816 kB
Buffers:           92360 kB
Cached:           358476 kB
SwapCached:            0 kB
Active:           477180 kB
Inactive:         227380 kB
Active(anon):     253892 kB
Inactive(anon):    45376 kB
Active(file):     223288 kB
Inactive(file):   182004 kB
Unevictable:           0 kB
Mlocked:               0 kB
SwapTotal:        102396 kB
SwapFree:         102396 kB
Dirty:                44 kB
Writeback:             0 kB
AnonPages:        253756 kB
Mapped:           150804 kB
Shmem:             45548 kB
Slab:              19156 kB
SReclaimable:      10932 kB
SUnreclaim:         8224 kB
KernelStack:        1840 kB
PageTables:         3268 kB
NFS_Unstable:          0 kB
Bounce:                0 kB
WritebackTmp:          0 kB
CommitLimit:      576460 kB
Committed_AS:     783696 kB
VmallocTotal:    1105920 kB
VmallocUsed:        4344 kB
VmallocChunk:     860920 kB
CmaTotal:           8192 kB
CmaFree:            3736 kB


CPU:total 4 

/proc/cpuinfo:
processor	: 0
model name	: ARMv7 Processor rev 5 (v7l)
BogoMIPS	: 38.40
Features	: half thumb fastmult vfp edsp neon vfpv3 tls vfpv4 idiva idivt vfpd32 lpae evtstrm 
CPU implementer	: 0x41
CPU architecture: 7
CPU variant	: 0x0
CPU part	: 0xc07
CPU revision	: 5

processor	: 1
model name	: ARMv7 Processor rev 5 (v7l)
BogoMIPS	: 38.40
Features	: half thumb fastmult vfp edsp neon vfpv3 tls vfpv4 idiva idivt vfpd32 lpae evtstrm 
CPU implementer	: 0x41
CPU architecture: 7
CPU variant	: 0x0
CPU part	: 0xc07
CPU revision	: 5

processor	: 2
model name	: ARMv7 Processor rev 5 (v7l)
BogoMIPS	: 38.40
Features	: half thumb fastmult vfp edsp neon vfpv3 tls vfpv4 idiva idivt vfpd32 lpae evtstrm 
CPU implementer	: 0x41
CPU architecture: 7
CPU variant	: 0x0
CPU part	: 0xc07
CPU revision	: 5

processor	: 3
model name	: ARMv7 Processor rev 5 (v7l)
BogoMIPS	: 38.40
Features	: half thumb fastmult vfp edsp neon vfpv3 tls vfpv4 idiva idivt vfpd32 lpae evtstrm 
CPU implementer	: 0x41
CPU architecture: 7
CPU variant	: 0x0
CPU part	: 0xc07
CPU revision	: 5

Hardware	: BCM2709
Revision	: a21041
Serial		: 0000000050b195a7


Memory: 4k page, physical 948128k(207536k free), swap 102396k(102396k free)

vm_info: OpenJDK Zero VM (23.25-b01) for linux-arm-vfp JRE (1.6.0_35-b35), built on Jun 20 2015 02:18:24 by "autoforwardporter" with gcc 4.7.2

time: Tue Aug 25 15:21:26 2015
elapsed time: 1 seconds

