#
# A fatal error has been detected by the Java Runtime Environment:
#
#  Internal Error (os_linux_zero.cpp:285), pid=5529, tid=1979556976
#  fatal error: caught unhandled signal 11
#
# JRE version: 6.0_35-b35
# Java VM: OpenJDK Zero VM (23.25-b01 mixed mode linux-arm )
# Derivative: IcedTea6 1.13.7
# Distribution: Debian GNU/Linux 7.8 (wheezy), package 6b35-1.13.7-1~deb7u1+rpi1
# Core dump written. Default location: /home/pi/aps-linux-driver-0.16/src/sample/core or core.5529
#
# If you would like to submit a bug report, please include
# instructions how to reproduce the bug and visit:
#   http://icedtea.classpath.org/bugzilla
# The crash happened outside the Java Virtual Machine in native code.
# See problematic frame for where to report the bug.
#

---------------  T H R E A D  ---------------

Current thread (0x00ca2e10):  JavaThread "main" [_thread_in_native, id=5530, stack(0x75e5c000,0x75fdb000)]

Stack: [0x75e5c000,0x75fdb000],  sp=0x75f1d06c,  free space=772k
Java frames:
 0x75fd9b08: istate->_thread       = 0x00ca2e10
 0x75fd9b0c: istate->_bcp          = 0x00000000
 0x75fd9b10: istate->_locals       = 0x75fd9b54
 0x75fd9b14: istate->_constants    = 0x6febe870
 0x75fd9b18: istate->_method       = PrendeLed.Estado(I)V
 0x75fd9b1c: istate->_mdx          = 0x00000000
 0x75fd9b20: istate->_stack        = 0x75fd9afc
 0x75fd9b24: istate->_msg          = 0x00000000
 0x75fd9b28: istate->_result       = 0x00000000
 0x75fd9b2c: (istate->_result)     = 0x52d675a8
 0x75fd9b30: (istate->_result)     = 0x52d21ed8
 0x75fd9b34: istate->_prev_link    = 0x52d5a3e8
 0x75fd9b38: istate->_oop_temp     = 0x52d67a30
 0x75fd9b3c: istate->_stack_base   = 0x75fd9b08
 0x75fd9b40: istate->_stack_limit  = 0x75fd9b04
 0x75fd9b44: istate->_monitor_base = 0x75fd9b08
 0x75fd9b48: istate->_self_link    = 0x75fd9b08
 0x75fd9b4c: frame_type            = INTERPRETER_FRAME
 0x75fd9b50: next_frame            = 0x75fd9ba0

 0x75fd9b54: local[0]              = 0x00000001
 0x75fd9b58: istate->_thread       = 0x00ca2e10
 0x75fd9b5c: istate->_bcp          = 0x6febe61d (bci 69)
 0x75fd9b60: istate->_locals       = 0x75fd9bb0
 0x75fd9b64: istate->_constants    = 0x6febe870
 0x75fd9b68: istate->_method       = PrendeLed.main([Ljava/lang/String;)V
 0x75fd9b6c: istate->_mdx          = 0x80000000
 0x75fd9b70: istate->_stack        = 0x75fd9b50
 0x75fd9b74: istate->_msg          = 0x00000000
 0x75fd9b78: istate->_result       = 0x75fd9b38
 0x75fd9b7c: (istate->_result)     = 0x00000002
 0x75fd9b80: (istate->_result)     = 0x75fd9b90
 0x75fd9b84: istate->_prev_link    = 0x00000009
 0x75fd9b88: istate->_oop_temp     = 0x00000000
 0x75fd9b8c: istate->_stack_base   = 0x75fd9b58
 0x75fd9b90: istate->_stack_limit  = 0x75fd9b40
 0x75fd9b94: istate->_monitor_base = 0x75fd9b58
 0x75fd9b98: istate->_self_link    = 0x75fd9b58
 0x75fd9b9c: frame_type            = INTERPRETER_FRAME
 0x75fd9ba0: next_frame            = 0x75fd9bbc

 0x75fd9ba4: local[3]              = 0x00000000
 0x75fd9ba8: local[2]              = 0x52d69ca8
 0x75fd9bac: local[1]              = 0x52d69b60
 0x75fd9bb0: local[0]              = 0x52d69b50
 0x75fd9bb4: call_wrapper          = 0x75fd9c28
 0x75fd9bb8: frame_type            = ENTRY_FRAME
 0x75fd9bbc: next_frame            = 0x00000000


---------------  P R O C E S S  ---------------

Java Threads: ( => current thread )
  0x521009d0 JavaThread "Low Memory Detector" daemon [_thread_blocked, id=5535, stack(0x51f80000,0x52100000)]
  0x00d648a0 JavaThread "Signal Dispatcher" daemon [_thread_blocked, id=5534, stack(0x522f9000,0x52479000)]
  0x00d1fe40 JavaThread "Finalizer" daemon [_thread_blocked, id=5533, stack(0x525f0000,0x52770000)]
  0x00d1e750 JavaThread "Reference Handler" daemon [_thread_blocked, id=5532, stack(0x52770000,0x528f0000)]
=>0x00ca2e10 JavaThread "main" [_thread_in_native, id=5530, stack(0x75e5c000,0x75fdb000)]

Other Threads:
  0x00d12ba0 VMThread [stack: 0x528f1000,0x52990000] [id=5531]
  0x52102720 WatcherThread [stack: 0x5225a000,0x522f9000] [id=5536]

VM state:not at safepoint (normal execution)

VM Mutex/Monitor currently owned by a thread: None

Heap
 def new generation   total 4480K, used 320K [0x52d20000, 0x531e0000, 0x5c7c0000)
  eden space 4096K,   7% used [0x52d20000, 0x52d70290, 0x53120000)
  from space 384K,   0% used [0x53120000, 0x53120000, 0x53180000)
  to   space 384K,   0% used [0x53180000, 0x53180000, 0x531e0000)
 tenured generation   total 9984K, used 0K [0x5c7c0000, 0x5d180000, 0x6fd20000)
   the space 9984K,   0% used [0x5c7c0000, 0x5c7c0000, 0x5c7c0200, 0x5d180000)
 compacting perm gen  total 4096K, used 1658K [0x6fd20000, 0x70120000, 0x73d20000)
   the space 4096K,  40% used [0x6fd20000, 0x6febe980, 0x6febea00, 0x70120000)
No shared spaces configured.

Card table byte_map: [0x52c17000,0x52d20000] byte_map_base: 0x52980700

Polling page: 0x76f72000

Code Cache  [0x73da3000, 0x73dcb000, 0x75da3000)
 total_blobs=68 nmethods=0 adapters=61 free_code_cache=32698Kb largest_free_block=33483520

Compilation events (0 events):
No events

GC Heap History (0 events):
No events

Deoptimization events (0 events):
No events

Internal exceptions (8 events):
Event: 0.156 Thread 0x00ca2e10 Threw 0x52d23860 at /build/openjdk-6-xcrtMJ/openjdk-6-6b35-1.13.7/build/openjdk/hotspot/src/share/vm/prims/jni.cpp:3994
Event: 0.156 Thread 0x00ca2e10 Threw 0x52d23a18 at /build/openjdk-6-xcrtMJ/openjdk-6-6b35-1.13.7/build/openjdk/hotspot/src/share/vm/prims/jni.cpp:4061
Event: 0.156 Thread 0x00ca2e10 Threw 0x52d23bd0 at /build/openjdk-6-xcrtMJ/openjdk-6-6b35-1.13.7/build/openjdk/hotspot/src/share/vm/prims/jni.cpp:4004
Event: 0.473 Thread 0x00ca2e10 Threw 0x52d5b5e8 at /build/openjdk-6-xcrtMJ/openjdk-6-6b35-1.13.7/build/openjdk/hotspot/src/share/vm/classfile/systemDictionary.cpp
Event: 0.527 Thread 0x00ca2e10 Threw 0x52d62b78 at /build/openjdk-6-xcrtMJ/openjdk-6-6b35-1.13.7/build/openjdk/hotspot/src/share/vm/prims/jni.cpp:716
Event: 0.528 Thread 0x00ca2e10 Threw 0x52d62ce0 at /build/openjdk-6-xcrtMJ/openjdk-6-6b35-1.13.7/build/openjdk/hotspot/src/share/vm/prims/jvm.cpp:1272
Event: 0.528 Thread 0x00ca2e10 Threw 0x52d62df8 at /build/openjdk-6-xcrtMJ/openjdk-6-6b35-1.13.7/build/openjdk/hotspot/src/share/vm/prims/jvm.cpp:1272
Event: 0.528 Thread 0x00ca2e10 Threw 0x52d63028 at /build/openjdk-6-xcrtMJ/openjdk-6-6b35-1.13.7/build/openjdk/hotspot/src/share/vm/prims/jvm.cpp:1272

Events (10 events):
Event: 0.569 loading class 0x00cfa038
Event: 0.570 loading class 0x521346c8
Event: 0.570 loading class 0x521346c8 done
Event: 0.570 loading class 0x00cfa038 done
Event: 0.570 loading class 0x00cf9e10
Event: 0.571 loading class 0x00cf9e10 done
Event: 0.571 loading class 0x00cf9e48
Event: 0.571 loading class 0x00cf9e48 done
Event: 0.572 loading class 0x00cf69f0
Event: 0.573 loading class 0x00cf69f0 done


Dynamic libraries:
00008000-00012000 r-xp 00000000 b3:06 103175     /usr/lib/jvm/java-6-openjdk-armhf/jre/bin/java
00019000-0001a000 rw-p 00009000 b3:06 103175     /usr/lib/jvm/java-6-openjdk-armhf/jre/bin/java
00c9c000-00d6f000 rw-p 00000000 00:00 0          [heap]
51f80000-51f83000 ---p 00000000 00:00 0 
51f83000-52100000 rw-p 00000000 00:00 0          [stack:5535]
52100000-52140000 rw-p 00000000 00:00 0 
52140000-52200000 ---p 00000000 00:00 0 
52220000-52248000 rw-p 00000000 00:00 0 
52248000-52249000 r-xp 00000000 b3:06 28634      /home/pi/aps-linux-driver-0.16/src/sample/libPrendeLed.so
52249000-52250000 ---p 00001000 b3:06 28634      /home/pi/aps-linux-driver-0.16/src/sample/libPrendeLed.so
52250000-52251000 rw-p 00000000 b3:06 28634      /home/pi/aps-linux-driver-0.16/src/sample/libPrendeLed.so
52251000-52255000 r--s 00039000 b3:06 103074     /usr/lib/jvm/java-6-openjdk-common/jre/lib/ext/sunpkcs11.jar
52255000-52259000 r--s 00078000 b3:06 103077     /usr/lib/jvm/java-6-openjdk-common/jre/lib/ext/localedata.jar
52259000-5225a000 ---p 00000000 00:00 0 
5225a000-522f9000 rw-p 00000000 00:00 0          [stack:5536]
522f9000-522fc000 ---p 00000000 00:00 0 
522fc000-52479000 rw-p 00000000 00:00 0          [stack:5534]
52479000-525f0000 r--p 00000000 b3:06 27060      /usr/lib/locale/locale-archive
525f0000-525f3000 ---p 00000000 00:00 0 
525f3000-52770000 rw-p 00000000 00:00 0          [stack:5533]
52770000-52773000 ---p 00000000 00:00 0 
52773000-528f0000 rw-p 00000000 00:00 0          [stack:5532]
528f0000-528f1000 ---p 00000000 00:00 0 
528f1000-529c4000 rw-p 00000000 00:00 0          [stack:5531]
529c4000-52b5b000 r--s 019e3000 b3:06 103116     /usr/lib/jvm/java-6-openjdk-armhf/jre/lib/rt.jar
52b5b000-52b5e000 rw-p 00000000 00:00 0 
52b5e000-52b7c000 rw-p 00000000 00:00 0 
52b7c000-52b81000 rw-p 00000000 00:00 0 
52b81000-52c17000 rw-p 00000000 00:00 0 
52c17000-52c1a000 rw-p 00000000 00:00 0 
52c1a000-52c64000 rw-p 00000000 00:00 0 
52c64000-52c6a000 rw-p 00000000 00:00 0 
52c6a000-52cff000 rw-p 00000000 00:00 0 
52cff000-52d01000 rw-p 00000000 00:00 0 
52d01000-52d1f000 rw-p 00000000 00:00 0 
52d1f000-531e0000 rw-p 00000000 00:00 0 
531e0000-5c7c0000 rw-p 00000000 00:00 0 
5c7c0000-5d180000 rw-p 00000000 00:00 0 
5d180000-6fd20000 rw-p 00000000 00:00 0 
6fd20000-70120000 rw-p 00000000 00:00 0 
70120000-73d20000 rw-p 00000000 00:00 0 
73d23000-73d24000 rw-p 00000000 00:00 0 
73d24000-73da3000 rw-p 00000000 00:00 0 
73da3000-73dcb000 rwxp 00000000 00:00 0 
73dcb000-75da3000 rw-p 00000000 00:00 0 
75da3000-75db1000 r-xp 00000000 b3:06 103154     /usr/lib/jvm/java-6-openjdk-armhf/jre/lib/arm/libzip.so
75db1000-75db8000 ---p 0000e000 b3:06 103154     /usr/lib/jvm/java-6-openjdk-armhf/jre/lib/arm/libzip.so
75db8000-75dba000 rw-p 0000d000 b3:06 103154     /usr/lib/jvm/java-6-openjdk-armhf/jre/lib/arm/libzip.so
75dba000-75dc4000 r-xp 00000000 b3:06 136        /lib/arm-linux-gnueabihf/libnss_files-2.13.so
75dc4000-75dcb000 ---p 0000a000 b3:06 136        /lib/arm-linux-gnueabihf/libnss_files-2.13.so
75dcb000-75dcc000 r--p 00009000 b3:06 136        /lib/arm-linux-gnueabihf/libnss_files-2.13.so
75dcc000-75dcd000 rw-p 0000a000 b3:06 136        /lib/arm-linux-gnueabihf/libnss_files-2.13.so
75dcd000-75dd6000 r-xp 00000000 b3:06 110        /lib/arm-linux-gnueabihf/libnss_nis-2.13.so
75dd6000-75ddd000 ---p 00009000 b3:06 110        /lib/arm-linux-gnueabihf/libnss_nis-2.13.so
75ddd000-75dde000 r--p 00008000 b3:06 110        /lib/arm-linux-gnueabihf/libnss_nis-2.13.so
75dde000-75ddf000 rw-p 00009000 b3:06 110        /lib/arm-linux-gnueabihf/libnss_nis-2.13.so
75ddf000-75de5000 r-xp 00000000 b3:06 225        /lib/arm-linux-gnueabihf/libnss_compat-2.13.so
75de5000-75dec000 ---p 00006000 b3:06 225        /lib/arm-linux-gnueabihf/libnss_compat-2.13.so
75dec000-75ded000 r--p 00005000 b3:06 225        /lib/arm-linux-gnueabihf/libnss_compat-2.13.so
75ded000-75dee000 rw-p 00006000 b3:06 225        /lib/arm-linux-gnueabihf/libnss_compat-2.13.so
75dee000-75dff000 r-xp 00000000 b3:06 144        /lib/arm-linux-gnueabihf/libnsl-2.13.so
75dff000-75e06000 ---p 00011000 b3:06 144        /lib/arm-linux-gnueabihf/libnsl-2.13.so
75e06000-75e07000 r--p 00010000 b3:06 144        /lib/arm-linux-gnueabihf/libnsl-2.13.so
75e07000-75e08000 rw-p 00011000 b3:06 144        /lib/arm-linux-gnueabihf/libnsl-2.13.so
75e08000-75e0a000 rw-p 00000000 00:00 0 
75e0a000-75e2e000 r-xp 00000000 b3:06 103138     /usr/lib/jvm/java-6-openjdk-armhf/jre/lib/arm/libjava.so
75e2e000-75e36000 ---p 00024000 b3:06 103138     /usr/lib/jvm/java-6-openjdk-armhf/jre/lib/arm/libjava.so
75e36000-75e38000 rw-p 00024000 b3:06 103138     /usr/lib/jvm/java-6-openjdk-armhf/jre/lib/arm/libjava.so
75e38000-75e43000 r-xp 00000000 b3:06 103153     /usr/lib/jvm/java-6-openjdk-armhf/jre/lib/arm/libverify.so
75e43000-75e4b000 ---p 0000b000 b3:06 103153     /usr/lib/jvm/java-6-openjdk-armhf/jre/lib/arm/libverify.so
75e4b000-75e4c000 rw-p 0000b000 b3:06 103153     /usr/lib/jvm/java-6-openjdk-armhf/jre/lib/arm/libverify.so
75e4c000-75e52000 r-xp 00000000 b3:06 34         /lib/arm-linux-gnueabihf/librt-2.13.so
75e52000-75e59000 ---p 00006000 b3:06 34         /lib/arm-linux-gnueabihf/librt-2.13.so
75e59000-75e5a000 r--p 00005000 b3:06 34         /lib/arm-linux-gnueabihf/librt-2.13.so
75e5a000-75e5b000 rw-p 00006000 b3:06 34         /lib/arm-linux-gnueabihf/librt-2.13.so
75e5b000-75e5f000 ---p 00000000 00:00 0 
75e5f000-75fdb000 rw-p 00000000 00:00 0          [stack:5530]
75fdb000-767db000 rwxp 00000000 00:00 0 
767db000-767fb000 r-xp 00000000 b3:06 40         /lib/arm-linux-gnueabihf/libgcc_s.so.1
767fb000-76802000 ---p 00020000 b3:06 40         /lib/arm-linux-gnueabihf/libgcc_s.so.1
76802000-76803000 rw-p 0001f000 b3:06 40         /lib/arm-linux-gnueabihf/libgcc_s.so.1
76803000-7686b000 r-xp 00000000 b3:06 89         /lib/arm-linux-gnueabihf/libm-2.13.so
7686b000-76872000 ---p 00068000 b3:06 89         /lib/arm-linux-gnueabihf/libm-2.13.so
76872000-76873000 r--p 00067000 b3:06 89         /lib/arm-linux-gnueabihf/libm-2.13.so
76873000-76874000 rw-p 00068000 b3:06 89         /lib/arm-linux-gnueabihf/libm-2.13.so
76874000-76933000 r-xp 00000000 b3:06 7292       /usr/lib/arm-linux-gnueabihf/libstdc++.so.6.0.19
76933000-7693a000 ---p 000bf000 b3:06 7292       /usr/lib/arm-linux-gnueabihf/libstdc++.so.6.0.19
7693a000-7693e000 r--p 000be000 b3:06 7292       /usr/lib/arm-linux-gnueabihf/libstdc++.so.6.0.19
7693e000-76940000 rw-p 000c2000 b3:06 7292       /usr/lib/arm-linux-gnueabihf/libstdc++.so.6.0.19
76940000-76946000 rw-p 00000000 00:00 0 
76946000-76d4d000 r-xp 00000000 b3:06 103126     /usr/lib/jvm/java-6-openjdk-armhf/jre/lib/arm/server/libjvm.so
76d4d000-76d54000 ---p 00407000 b3:06 103126     /usr/lib/jvm/java-6-openjdk-armhf/jre/lib/arm/server/libjvm.so
76d54000-76d73000 rw-p 00406000 b3:06 103126     /usr/lib/jvm/java-6-openjdk-armhf/jre/lib/arm/server/libjvm.so
76d73000-76dce000 rw-p 00000000 00:00 0 
76dce000-76ef1000 r-xp 00000000 b3:06 47         /lib/arm-linux-gnueabihf/libc-2.13.so
76ef1000-76ef8000 ---p 00123000 b3:06 47         /lib/arm-linux-gnueabihf/libc-2.13.so
76ef8000-76efa000 r--p 00122000 b3:06 47         /lib/arm-linux-gnueabihf/libc-2.13.so
76efa000-76efb000 rw-p 00124000 b3:06 47         /lib/arm-linux-gnueabihf/libc-2.13.so
76efb000-76efe000 rw-p 00000000 00:00 0 
76efe000-76f00000 r-xp 00000000 b3:06 80         /lib/arm-linux-gnueabihf/libdl-2.13.so
76f00000-76f07000 ---p 00002000 b3:06 80         /lib/arm-linux-gnueabihf/libdl-2.13.so
76f07000-76f08000 r--p 00001000 b3:06 80         /lib/arm-linux-gnueabihf/libdl-2.13.so
76f08000-76f09000 rw-p 00002000 b3:06 80         /lib/arm-linux-gnueabihf/libdl-2.13.so
76f09000-76f10000 r-xp 00000000 b3:06 103122     /usr/lib/jvm/java-6-openjdk-armhf/jre/lib/arm/jli/libjli.so
76f10000-76f17000 ---p 00007000 b3:06 103122     /usr/lib/jvm/java-6-openjdk-armhf/jre/lib/arm/jli/libjli.so
76f17000-76f19000 rw-p 00006000 b3:06 103122     /usr/lib/jvm/java-6-openjdk-armhf/jre/lib/arm/jli/libjli.so
76f19000-76f2d000 r-xp 00000000 b3:06 74         /lib/arm-linux-gnueabihf/libpthread-2.13.so
76f2d000-76f34000 ---p 00014000 b3:06 74         /lib/arm-linux-gnueabihf/libpthread-2.13.so
76f34000-76f35000 r--p 00013000 b3:06 74         /lib/arm-linux-gnueabihf/libpthread-2.13.so
76f35000-76f36000 rw-p 00014000 b3:06 74         /lib/arm-linux-gnueabihf/libpthread-2.13.so
76f36000-76f39000 rw-p 00000000 00:00 0 
76f39000-76f3b000 r--s 0000f000 b3:06 103081     /usr/lib/jvm/java-6-openjdk-common/jre/lib/ext/pulse-java.jar
76f3b000-76f3f000 r--s 00031000 b3:06 103078     /usr/lib/jvm/java-6-openjdk-common/jre/lib/ext/sunjce_provider.jar
76f3f000-76f41000 r--s 00001000 b3:06 103075     /usr/lib/jvm/java-6-openjdk-common/jre/lib/ext/dnsns.jar
76f41000-76f49000 rw-s 00000000 00:13 16400      /tmp/hsperfdata_root/5529
76f49000-76f4b000 r-xp 00000000 b3:06 7098       /usr/lib/arm-linux-gnueabihf/libcofi_rpi.so
76f4b000-76f52000 ---p 00002000 b3:06 7098       /usr/lib/arm-linux-gnueabihf/libcofi_rpi.so
76f52000-76f53000 rw-p 00001000 b3:06 7098       /usr/lib/arm-linux-gnueabihf/libcofi_rpi.so
76f53000-76f70000 r-xp 00000000 b3:06 213        /lib/arm-linux-gnueabihf/ld-2.13.so
76f70000-76f71000 r--s 00007000 b3:06 186382     /usr/share/java/java-atk-wrapper.jar
76f71000-76f72000 rw-p 00000000 00:00 0 
76f72000-76f73000 r--p 00000000 00:00 0 
76f73000-76f76000 rw-p 00000000 00:00 0 
76f76000-76f78000 rw-p 00000000 00:00 0 
76f78000-76f79000 r--p 0001d000 b3:06 213        /lib/arm-linux-gnueabihf/ld-2.13.so
76f79000-76f7a000 rw-p 0001e000 b3:06 213        /lib/arm-linux-gnueabihf/ld-2.13.so
7ef19000-7ef3a000 rw-p 00000000 00:00 0          [stack]
7efe5000-7efe6000 r-xp 00000000 00:00 0          [sigpage]
7efe6000-7efe7000 r--p 00000000 00:00 0          [vvar]
7efe7000-7efe8000 r-xp 00000000 00:00 0          [vdso]
ffff0000-ffff1000 r-xp 00000000 00:00 0          [vectors]

VM Arguments:
java_command: PrendeLed
Launcher Type: SUN_STANDARD

Environment Variables:
PATH=/usr/local/sbin:/usr/local/bin:/usr/sbin:/usr/bin:/sbin:/bin
LD_LIBRARY_PATH=/usr/lib/jvm/java-6-openjdk-armhf/jre/lib/arm/server:/usr/lib/jvm/java-6-openjdk-armhf/jre/lib/arm:/usr/lib/jvm/java-6-openjdk-armhf/jre/../lib/arm:.
SHELL=/bin/bash
DISPLAY=:0

Signal Handlers:
SIGSEGV: [libjvm.so+0x3b57c8], sa_mask[0]=0x7ffbfeff, sa_flags=0x10000004
SIGBUS: [libjvm.so+0x3b57c8], sa_mask[0]=0x7ffbfeff, sa_flags=0x10000004
SIGFPE: [libjvm.so+0x2e8e14], sa_mask[0]=0x7ffbfeff, sa_flags=0x10000004
SIGPIPE: [libjvm.so+0x2e8e14], sa_mask[0]=0x7ffbfeff, sa_flags=0x10000004
SIGXFSZ: [libjvm.so+0x2e8e14], sa_mask[0]=0x7ffbfeff, sa_flags=0x10000004
SIGILL: [libjvm.so+0x2e8e14], sa_mask[0]=0x7ffbfeff, sa_flags=0x10000004
SIGUSR1: SIG_DFL, sa_mask[0]=0x00000000, sa_flags=0x00000000
SIGUSR2: [libjvm.so+0x2e8fd8], sa_mask[0]=0x00000000, sa_flags=0x10000004
SIGHUP: [libjvm.so+0x2e96e4], sa_mask[0]=0x7ffbfeff, sa_flags=0x10000004
SIGINT: [libjvm.so+0x2e96e4], sa_mask[0]=0x7ffbfeff, sa_flags=0x10000004
SIGTERM: [libjvm.so+0x2e96e4], sa_mask[0]=0x7ffbfeff, sa_flags=0x10000004
SIGQUIT: [libjvm.so+0x2e96e4], sa_mask[0]=0x7ffbfeff, sa_flags=0x10000004


---------------  S Y S T E M  ---------------

OS:7.8

uname:Linux 4.1.6-v7+ #810 SMP PREEMPT Tue Aug 18 15:32:12 BST 2015 armv7l
libc:glibc 2.13 NPTL 2.13 
rlimit: STACK 8192k, CORE infinity, NPROC 7339, NOFILE 4096, AS infinity
load average:0.03 0.16 0.14

/proc/meminfo:
MemTotal:         948128 kB
MemFree:          230368 kB
MemAvailable:     596304 kB
Buffers:           92496 kB
Cached:           334004 kB
SwapCached:            0 kB
Active:           446128 kB
Inactive:         235820 kB
Active(anon):     255624 kB
Inactive(anon):    45376 kB
Active(file):     190504 kB
Inactive(file):   190444 kB
Unevictable:           0 kB
Mlocked:               0 kB
SwapTotal:        102396 kB
SwapFree:         102396 kB
Dirty:                32 kB
Writeback:             0 kB
AnonPages:        255480 kB
Mapped:           151016 kB
Shmem:             45556 kB
Slab:              19128 kB
SReclaimable:      10936 kB
SUnreclaim:         8192 kB
KernelStack:        1856 kB
PageTables:         3256 kB
NFS_Unstable:          0 kB
Bounce:                0 kB
WritebackTmp:          0 kB
CommitLimit:      576460 kB
Committed_AS:     784588 kB
VmallocTotal:    1105920 kB
VmallocUsed:        4344 kB
VmallocChunk:     860920 kB
CmaTotal:           8192 kB
CmaFree:            3736 kB


CPU:total 4 

/proc/cpuinfo:
processor	: 0
model name	: ARMv7 Processor rev 5 (v7l)
BogoMIPS	: 38.40
Features	: half thumb fastmult vfp edsp neon vfpv3 tls vfpv4 idiva idivt vfpd32 lpae evtstrm 
CPU implementer	: 0x41
CPU architecture: 7
CPU variant	: 0x0
CPU part	: 0xc07
CPU revision	: 5

processor	: 1
model name	: ARMv7 Processor rev 5 (v7l)
BogoMIPS	: 38.40
Features	: half thumb fastmult vfp edsp neon vfpv3 tls vfpv4 idiva idivt vfpd32 lpae evtstrm 
CPU implementer	: 0x41
CPU architecture: 7
CPU variant	: 0x0
CPU part	: 0xc07
CPU revision	: 5

processor	: 2
model name	: ARMv7 Processor rev 5 (v7l)
BogoMIPS	: 38.40
Features	: half thumb fastmult vfp edsp neon vfpv3 tls vfpv4 idiva idivt vfpd32 lpae evtstrm 
CPU implementer	: 0x41
CPU architecture: 7
CPU variant	: 0x0
CPU part	: 0xc07
CPU revision	: 5

processor	: 3
model name	: ARMv7 Processor rev 5 (v7l)
BogoMIPS	: 38.40
Features	: half thumb fastmult vfp edsp neon vfpv3 tls vfpv4 idiva idivt vfpd32 lpae evtstrm 
CPU implementer	: 0x41
CPU architecture: 7
CPU variant	: 0x0
CPU part	: 0xc07
CPU revision	: 5

Hardware	: BCM2709
Revision	: a21041
Serial		: 0000000050b195a7


Memory: 4k page, physical 948128k(230368k free), swap 102396k(102396k free)

vm_info: OpenJDK Zero VM (23.25-b01) for linux-arm-vfp JRE (1.6.0_35-b35), built on Jun 20 2015 02:18:24 by "autoforwardporter" with gcc 4.7.2

time: Tue Aug 25 15:27:18 2015
elapsed time: 1 seconds

